<?xml version="1.0" encoding="UTF-8"?>
<!-- Generated by org.testng.reporters.JUnitXMLReporter -->
<testsuite ignored="1" hostname="DILRAJEN" failures="1" tests="1" name="Test1" time="0.057" errors="0" timestamp="2024-02-24T21:42:55 IST">
  <testcase classname="test.day3" name="flightLoan" time="0.011">
    <failure type="java.lang.AssertionError" message="expected [true] but found [false]">
      <![CDATA[java.lang.AssertionError: expected [true] but found [false]
at test.day3.flightLoan(day3.java:17)
at java.base/java.util.ArrayList.forEach(ArrayList.java:1511)
... Removed 31 stack frames]]>
    </failure>
  </testcase> <!-- flightLoan -->
  <testcase classname="test.day3" name="busLoan" time="0.0">
    <ignored/>
  </testcase> <!-- busLoan -->
</testsuite> <!-- Test1 -->
