<?xml version="1.0" encoding="UTF-8"?>
<!-- Generated by org.testng.reporters.JUnitXMLReporter -->
<testsuite ignored="3" hostname="DILRAJEN" failures="0" tests="4" name="Test" time="0.065" errors="0" timestamp="2024-02-24T18:18:58 IST">
  <testcase classname="test.day3" name="flightLoan" time="0.005"/>
  <testcase classname="test.day2" name="autoLoan" time="0.001"/>
  <testcase classname="test.day1" name="zeeLoan" time="0.001"/>
  <testcase classname="test.day1" name="homeLoan" time="0.002"/>
  <testcase classname="test.day3" name="busLoan" time="0.0">
    <ignored/>
  </testcase> <!-- busLoan -->
  <testcase classname="test.day2" name="mobileLoan" time="0.0">
    <ignored/>
  </testcase> <!-- mobileLoan -->
  <testcase classname="test.day1" name="carLoan" time="0.0">
    <ignored/>
  </testcase> <!-- carLoan -->
</testsuite> <!-- Test -->
