<?xml version="1.0" encoding="UTF-8"?>
<!-- Generated by org.testng.reporters.JUnitXMLReporter -->
<testsuite ignored="2" hostname="DILRAJEN" failures="0" tests="6" name="Test2" time="0.038" errors="0" timestamp="2024-02-24T21:42:55 IST">
  <testcase classname="test.day2" name="autoLoan" time="0.001"/>
  <testcase classname="test.day2" name="debitLoan" time="0.001"/>
  <testcase classname="test.day2" name="debitLoan" time="0.001"/>
  <testcase classname="test.day2" name="debitLoan" time="0.001"/>
  <testcase classname="test.day1" name="zeeLoan" time="0.002"/>
  <testcase classname="test.day1" name="homeLoan" time="0.001"/>
  <testcase classname="test.day1" name="carLoan" time="0.0">
    <ignored/>
  </testcase> <!-- carLoan -->
  <testcase classname="test.day2" name="mobileLoan" time="0.0">
    <ignored/>
  </testcase> <!-- mobileLoan -->
</testsuite> <!-- Test2 -->
