<?xml version="1.0" encoding="UTF-8"?>
<testng-results ignored="0" total="1" passed="1" failed="0" skipped="0">
  <reporter-output>
  </reporter-output>
  <suite started-at="2024-02-25T17:56:29 IST" name="Default suite" finished-at="2024-02-25T17:56:29 IST" duration-ms="68">
    <groups>
    </groups>
    <test started-at="2024-02-25T17:56:29 IST" name="Default test" finished-at="2024-02-25T17:56:29 IST" duration-ms="68">
      <class name="test.FirstClass">
        <test-method is-config="true" signature="beforeRun()[pri:0, instance:test.FirstClass@4b8ee4de]" started-at="2024-02-25T17:56:29 IST" name="beforeRun" finished-at="2024-02-25T17:56:29 IST" duration-ms="9" status="PASS">
          <reporter-output>
          </reporter-output>
        </test-method> <!-- beforeRun -->
        <test-method signature="testRun()[pri:0, instance:test.FirstClass@4b8ee4de]" started-at="2024-02-25T17:56:29 IST" name="testRun" finished-at="2024-02-25T17:56:29 IST" duration-ms="7" status="PASS">
          <reporter-output>
          </reporter-output>
        </test-method> <!-- testRun -->
      </class> <!-- test.FirstClass -->
    </test> <!-- Default test -->
  </suite> <!-- Default suite -->
</testng-results>
